This is XeTeX, Version 3.14159265-2.6-0.999991 (TeX Live 2019/Debian) (preloaded format=xelatex 2020.10.8)  8 JUN 2021 02:32
entering extended mode
 restricted \write18 enabled.
 %&-line parsing enabled.
**nmr-espy.tex
(./nmr-espy.tex
LaTeX2e <2020-02-02> patch level 2
L3 programming layer <2020-02-14> (./sphinxmanual.cls
Document Class: sphinxmanual 2019/12/01 v2.3.0 Document class (Sphinx manual)
(/usr/share/texlive/texmf-dist/tex/latex/base/report.cls
Document Class: report 2019/12/20 v1.4l Standard LaTeX document class
(/usr/share/texlive/texmf-dist/tex/latex/base/size10.clo
File: size10.clo 2019/12/20 v1.4l Standard LaTeX file (size option)
)
\c@part=\count163
\c@chapter=\count164
\c@section=\count165
\c@subsection=\count166
\c@subsubsection=\count167
\c@paragraph=\count168
\c@subparagraph=\count169
\c@figure=\count170
\c@table=\count171
\abovecaptionskip=\skip47
\belowcaptionskip=\skip48
\bibindent=\dimen134
)
LaTeX Info: Redefining \and on input line 35.
)
\sphinxpxdimen=\dimen135

(/usr/share/texlive/texmf-dist/tex/latex/cmap/cmap.sty
Package: cmap 2008/03/06 v1.0h CMap support: searchable PDF


Package cmap Warning: pdftex not detected - exiting.

) (/usr/share/texlive/texmf-dist/tex/latex/amsmath/amsmath.sty
Package: amsmath 2020/01/20 v2.17e AMS math features
\@mathmargin=\skip49

For additional information on amsmath, use the `?' option.
(/usr/share/texlive/texmf-dist/tex/latex/amsmath/amstext.sty
Package: amstext 2000/06/29 v2.01 AMS text

(/usr/share/texlive/texmf-dist/tex/latex/amsmath/amsgen.sty
File: amsgen.sty 1999/11/30 v2.0 generic functions
\@emptytoks=\toks14
\ex@=\dimen136
))
(/usr/share/texlive/texmf-dist/tex/latex/amsmath/amsbsy.sty
Package: amsbsy 1999/11/29 v1.2d Bold Symbols
\pmbraise@=\dimen137
)
(/usr/share/texlive/texmf-dist/tex/latex/amsmath/amsopn.sty
Package: amsopn 2016/03/08 v2.02 operator names
)
\inf@bad=\count172
LaTeX Info: Redefining \frac on input line 227.
\uproot@=\count173
\leftroot@=\count174
LaTeX Info: Redefining \overline on input line 389.
\classnum@=\count175
\DOTSCASE@=\count176
LaTeX Info: Redefining \ldots on input line 486.
LaTeX Info: Redefining \dots on input line 489.
LaTeX Info: Redefining \cdots on input line 610.
\Mathstrutbox@=\box45
\strutbox@=\box46
\big@size=\dimen138
LaTeX Font Info:    Redeclaring font encoding OML on input line 733.
LaTeX Font Info:    Redeclaring font encoding OMS on input line 734.
\macc@depth=\count177
\c@MaxMatrixCols=\count178
\dotsspace@=\muskip16
\c@parentequation=\count179
\dspbrk@lvl=\count180
\tag@help=\toks15
\row@=\count181
\column@=\count182
\maxfields@=\count183
\andhelp@=\toks16
\eqnshift@=\dimen139
\alignsep@=\dimen140
\tagshift@=\dimen141
\tagwidth@=\dimen142
\totwidth@=\dimen143
\lineht@=\dimen144
\@envbody=\toks17
\multlinegap=\skip50
\multlinetaggap=\skip51
\mathdisplay@stack=\toks18
LaTeX Info: Redefining \[ on input line 2859.
LaTeX Info: Redefining \] on input line 2860.
)
(/usr/share/texlive/texmf-dist/tex/latex/amsfonts/amssymb.sty
Package: amssymb 2013/01/14 v3.01 AMS font symbols

(/usr/share/texlive/texmf-dist/tex/latex/amsfonts/amsfonts.sty
Package: amsfonts 2013/01/14 v3.01 Basic AMSFonts support
\symAMSa=\mathgroup4
\symAMSb=\mathgroup5
LaTeX Font Info:    Redeclaring math symbol \hbar on input line 98.
LaTeX Font Info:    Overwriting math alphabet `\mathfrak' in version `bold'
(Font)                  U/euf/m/n --> U/euf/b/n on input line 106.
))
(/usr/share/texlive/texmf-dist/tex/latex/polyglossia/polyglossia.sty
Package: polyglossia 2020/01/29 v1.47 Modern multilingual typesetting with XeLa
TeX and LuaLaTeX

(/usr/share/texlive/texmf-dist/tex/latex/etoolbox/etoolbox.sty
Package: etoolbox 2019/09/21 v2.5h e-TeX tools for LaTeX (JAW)
\etb@tempcnta=\count184
)
(/usr/share/texlive/texmf-dist/tex/latex/makecmds/makecmds.sty
Package: makecmds 2009/09/03 v1.0a extra command making commands
)
(/usr/share/texlive/texmf-dist/tex/latex/xkeyval/xkeyval.sty
Package: xkeyval 2014/12/03 v2.7a package option processing (HA)

(/usr/share/texlive/texmf-dist/tex/generic/xkeyval/xkeyval.tex
(/usr/share/texlive/texmf-dist/tex/generic/xkeyval/xkvutils.tex
\XKV@toks=\toks19
\XKV@tempa@toks=\toks20

(/usr/share/texlive/texmf-dist/tex/generic/xkeyval/keyval.tex))
\XKV@depth=\count185
File: xkeyval.tex 2014/12/03 v2.7a key=value parser (HA)
))
(/usr/share/texlive/texmf-dist/tex/latex/fontspec/fontspec.sty
(/usr/share/texlive/texmf-dist/tex/latex/l3packages/xparse/xparse.sty
(/usr/share/texlive/texmf-dist/tex/latex/l3kernel/expl3.sty
Package: expl3 2020-02-14 L3 programming layer (loader) 

(/usr/share/texlive/texmf-dist/tex/latex/l3backend/l3backend-xdvipdfmx.def
File: l3backend-xdvipdfmx.def 2020-02-03 L3 backend support: xdvipdfmx
\g__graphics_track_int=\count186
\l__pdf_internal_box=\box47
\g__pdf_backend_object_int=\count187
\g__pdf_backend_annotation_int=\count188
))
Package: xparse 2020-02-14 L3 Experimental document command parser
\l__xparse_current_arg_int=\count189
\g__xparse_grabber_int=\count190
\l__xparse_m_args_int=\count191
\l__xparse_v_nesting_int=\count192
)
Package: fontspec 2020/02/03 v2.7h Font selection for XeLaTeX and LuaLaTeX

(/usr/share/texlive/texmf-dist/tex/latex/fontspec/fontspec-xetex.sty
Package: fontspec-xetex 2020/02/03 v2.7h Font selection for XeLaTeX and LuaLaTe
X
\l__fontspec_script_int=\count193
\l__fontspec_language_int=\count194
\l__fontspec_strnum_int=\count195
\l__fontspec_tmp_int=\count196
\l__fontspec_tmpa_int=\count197
\l__fontspec_tmpb_int=\count198
\l__fontspec_tmpc_int=\count199
\l__fontspec_em_int=\count266
\l__fontspec_emdef_int=\count267
\l__fontspec_strong_int=\count268
\l__fontspec_strongdef_int=\count269
\l__fontspec_tmpa_dim=\dimen145
\l__fontspec_tmpb_dim=\dimen146
\l__fontspec_tmpc_dim=\dimen147

(/usr/share/texlive/texmf-dist/tex/latex/base/fontenc.sty
Package: fontenc 2020/02/11 v2.0o Standard LaTeX package
)
(/usr/share/texlive/texmf-dist/tex/latex/fontspec/fontspec.cfg)))
(/usr/share/texlive/texmf-dist/tex/generic/iftex/ifluatex.sty
Package: ifluatex 2019/10/25 v1.5 ifluatex legacy package. Use iftex instead.

(/usr/share/texlive/texmf-dist/tex/generic/iftex/iftex.sty
Package: iftex 2019/11/07 v1.0c TeX engine tests
))
(/usr/share/texlive/texmf-dist/tex/generic/iftex/ifxetex.sty
Package: ifxetex 2019/10/25 v0.7 ifxetex legacy package. Use iftex instead.
)
(/usr/share/texlive/texmf-dist/tex/latex/l3packages/l3keys2e/l3keys2e.sty
Package: l3keys2e 2020-02-14 LaTeX2e option processing using LaTeX3 keys
)
(/usr/share/texlive/texmf-dist/tex/latex/filehook/filehook.sty
Package: filehook 2020/02/03 v0.7 Hooks for input files
)
\xpg@normalclass=\XeTeXcharclass1

(/usr/share/texlive/texmf-dist/tex/latex/polyglossia/gloss-latex.ldf
File: gloss-latex.ldf polyglossia: module for default language
The property list \polyglossia@langsetup contains the pairs (without outer
braces):
>  {latex/script}  =>  {latin}
>  {latex/lcscript}  =>  {latin}
>  {latex/scripttag}  =>  {}
>  {latex/language}  =>  {Latex}
>  {latex/langtag}  =>  {ENG}
>  {latex/bcp47}  =>  {}
>  {latex/hyphennames}  =>  {english}
>  {latex/direction}  =>  {LR}
>  {latex/hyphenmins}  =>  {2,3}
>  {latex/frenchspacing}  =>  {false}
>  {latex/indentfirst}  =>  {false}
>  {latex/fontsetup}  =>  {true}
>  {latex/envname}  =>  {latex}
>  {latex/babelname}  =>  {latex}
>  {latex/localnumeral}  =>  {polyglossia@C@localnumeral}
>  {latex/Localnumeral}  =>  {polyglossia@C@localnumeral}.
)
Package polyglossia Info: Default language is latex.
Package polyglossia Info: Option: localmarks.
)

Package fontspec Info: Font family 'FreeSerif(0)' created for font 'FreeSerif'
(fontspec)             with options [Ligatures=TeX,Extension =
(fontspec)             .otf,UprightFont = *,ItalicFont = *Italic,BoldFont =
(fontspec)             *Bold,BoldItalicFont = *BoldItalic].
(fontspec)              
(fontspec)              This font family consists of the following NFSS
(fontspec)             series/shapes:
(fontspec)              
(fontspec)             - 'normal' (m/n) with NFSS spec.:
(fontspec)             <->"[FreeSerif.otf]/OT:script=latn;language=dflt;mapping
=tex-text;"
(fontspec)             - 'small caps'  (m/sc) with NFSS spec.:
(fontspec)             <->"[FreeSerif.otf]/OT:script=latn;language=dflt;+smcp;m
apping=tex-text;"
(fontspec)             - 'bold' (b/n) with NFSS spec.:
(fontspec)             <->"[FreeSerifBold.otf]/OT:script=latn;language=dflt;map
ping=tex-text;"
(fontspec)             - 'bold small caps'  (b/sc) with NFSS spec.:
(fontspec)             <->"[FreeSerifBold.otf]/OT:script=latn;language=dflt;+sm
cp;mapping=tex-text;"
(fontspec)             - 'italic' (m/it) with NFSS spec.:
(fontspec)             <->"[FreeSerifItalic.otf]/OT:script=latn;language=dflt;m
apping=tex-text;"
(fontspec)             - 'italic small caps'  (m/scit) with NFSS spec.: 
(fontspec)             - 'bold italic' (b/it) with NFSS spec.:
(fontspec)             <->"[FreeSerifBoldItalic.otf]/OT:script=latn;language=df
lt;mapping=tex-text;"
(fontspec)             - 'bold italic small caps'  (b/scit) with NFSS spec.: 


Package fontspec Info: Font family 'FreeSans(0)' created for font 'FreeSans'
(fontspec)             with options [Ligatures=TeX,Extension =
(fontspec)             .otf,UprightFont = *,ItalicFont = *Oblique,BoldFont =
(fontspec)             *Bold,BoldItalicFont = *BoldOblique].
(fontspec)              
(fontspec)              This font family consists of the following NFSS
(fontspec)             series/shapes:
(fontspec)              
(fontspec)             - 'normal' (m/n) with NFSS spec.:
(fontspec)             <->"[FreeSans.otf]/OT:script=latn;language=dflt;mapping=
tex-text;"
(fontspec)             - 'small caps'  (m/sc) with NFSS spec.:
(fontspec)             <->"[FreeSans.otf]/OT:script=latn;language=dflt;+smcp;ma
pping=tex-text;"
(fontspec)             - 'bold' (b/n) with NFSS spec.:
(fontspec)             <->"[FreeSansBold.otf]/OT:script=latn;language=dflt;mapp
ing=tex-text;"
(fontspec)             - 'bold small caps'  (b/sc) with NFSS spec.:
(fontspec)             <->"[FreeSansBold.otf]/OT:script=latn;language=dflt;+smc
p;mapping=tex-text;"
(fontspec)             - 'italic' (m/it) with NFSS spec.:
(fontspec)             <->"[FreeSansOblique.otf]/OT:script=latn;language=dflt;m
apping=tex-text;"
(fontspec)             - 'italic small caps'  (m/scit) with NFSS spec.: 
(fontspec)             - 'bold italic' (b/it) with NFSS spec.:
(fontspec)             <->"[FreeSansBoldOblique.otf]/OT:script=latn;language=df
lt;mapping=tex-text;"
(fontspec)             - 'bold italic small caps'  (b/scit) with NFSS spec.: 


Package fontspec Info: Font family 'FreeMono(0)' created for font 'FreeMono'
(fontspec)             with options
(fontspec)             [WordSpace={1,0,0},HyphenChar=None,PunctuationSpace=Word
Space,Extension
(fontspec)             = .otf,UprightFont = *,ItalicFont = *Oblique,BoldFont =
(fontspec)             *Bold,BoldItalicFont = *BoldOblique].
(fontspec)              
(fontspec)              This font family consists of the following NFSS
(fontspec)             series/shapes:
(fontspec)              
(fontspec)             - 'normal' (m/n) with NFSS spec.:
(fontspec)             <->"[FreeMono.otf]/OT:script=latn;language=dflt;"
(fontspec)             - 'small caps'  (m/sc) with NFSS spec.: 
(fontspec)             and font adjustment code:
(fontspec)             \fontdimen 2\font =1\fontdimen 2\font \fontdimen 3\font
(fontspec)             =0\fontdimen 3\font \fontdimen 4\font =0\fontdimen
(fontspec)             4\font \fontdimen 7\font =0\fontdimen 2\font
(fontspec)             \tex_hyphenchar:D \font =-1\scan_stop: 
(fontspec)             - 'bold' (b/n) with NFSS spec.:
(fontspec)             <->"[FreeMonoBold.otf]/OT:script=latn;language=dflt;"
(fontspec)             - 'bold small caps'  (b/sc) with NFSS spec.: 
(fontspec)             and font adjustment code:
(fontspec)             \fontdimen 2\font =1\fontdimen 2\font \fontdimen 3\font
(fontspec)             =0\fontdimen 3\font \fontdimen 4\font =0\fontdimen
(fontspec)             4\font \fontdimen 7\font =0\fontdimen 2\font
(fontspec)             \tex_hyphenchar:D \font =-1\scan_stop: 
(fontspec)             - 'italic' (m/it) with NFSS spec.:
(fontspec)             <->"[FreeMonoOblique.otf]/OT:script=latn;language=dflt;"

(fontspec)             - 'italic small caps'  (m/scit) with NFSS spec.: 
(fontspec)             and font adjustment code:
(fontspec)             \fontdimen 2\font =1\fontdimen 2\font \fontdimen 3\font
(fontspec)             =0\fontdimen 3\font \fontdimen 4\font =0\fontdimen
(fontspec)             4\font \fontdimen 7\font =0\fontdimen 2\font
(fontspec)             \tex_hyphenchar:D \font =-1\scan_stop: 
(fontspec)             - 'bold italic' (b/it) with NFSS spec.:
(fontspec)             <->"[FreeMonoBoldOblique.otf]/OT:script=latn;language=df
lt;"
(fontspec)             - 'bold italic small caps'  (b/scit) with NFSS spec.: 
(fontspec)             and font adjustment code:
(fontspec)             \fontdimen 2\font =1\fontdimen 2\font \fontdimen 3\font
(fontspec)             =0\fontdimen 3\font \fontdimen 4\font =0\fontdimen
(fontspec)             4\font \fontdimen 7\font =0\fontdimen 2\font
(fontspec)             \tex_hyphenchar:D \font =-1\scan_stop: 


(/usr/share/texlive/texmf-dist/tex/latex/fncychap/fncychap.sty
Package: fncychap 2007/07/30 v1.34 LaTeX package (Revised chapters)
\RW=\skip52
\mylen=\skip53
\myhi=\skip54
\px=\skip55
\py=\skip56
\pyy=\skip57
\pxx=\skip58
\c@AlphaCnt=\count270
\c@AlphaDecCnt=\count271
) (./sphinx.sty
Package: sphinx 2021/01/27 v4.0.0 LaTeX package (Sphinx markup)

(/usr/share/texlive/texmf-dist/tex/generic/ltxcmds/ltxcmds.sty
Package: ltxcmds 2019/12/15 v1.24 LaTeX kernel commands for general use (HO)
)
(/usr/share/texlive/texmf-dist/tex/latex/xcolor/xcolor.sty
Package: xcolor 2016/05/11 v2.12 LaTeX color extensions (UK)

(/usr/share/texlive/texmf-dist/tex/latex/graphics-cfg/color.cfg
File: color.cfg 2016/01/02 v1.6 sample color configuration
)
Package xcolor Info: Driver file: xetex.def on input line 225.

(/usr/share/texlive/texmf-dist/tex/latex/graphics-def/xetex.def
File: xetex.def 2017/06/24 v5.0h Graphics/color driver for xetex
)
Package xcolor Info: Model `cmy' substituted by `cmy0' on input line 1348.
Package xcolor Info: Model `RGB' extended on input line 1364.
Package xcolor Info: Model `HTML' substituted by `rgb' on input line 1366.
Package xcolor Info: Model `Hsb' substituted by `hsb' on input line 1367.
Package xcolor Info: Model `tHsb' substituted by `hsb' on input line 1368.
Package xcolor Info: Model `HSB' substituted by `hsb' on input line 1369.
Package xcolor Info: Model `Gray' substituted by `gray' on input line 1370.
Package xcolor Info: Model `wave' substituted by `hsb' on input line 1371.
)
(/usr/share/texlive/texmf-dist/tex/latex/kvoptions/kvoptions.sty
Package: kvoptions 2019/11/29 v3.13 Key value format for package options (HO)

(/usr/share/texlive/texmf-dist/tex/generic/kvsetkeys/kvsetkeys.sty
Package: kvsetkeys 2019/12/15 v1.18 Key value parser (HO)
))
\sphinxverbatimsep=\dimen148
\sphinxverbatimborder=\dimen149
\sphinxshadowsep=\dimen150
\sphinxshadowsize=\dimen151
\sphinxshadowrule=\dimen152
\spx@notice@border=\dimen153

(./sphinxoptionshyperref.sty
File: sphinxoptionshyperref.sty 2021/01/27 hyperref
) (./sphinxoptionsgeometry.sty
File: sphinxoptionsgeometry.sty 2021/01/27 geometry
)
(/usr/share/texlive/texmf-dist/tex/latex/base/textcomp.sty
Package: textcomp 2020/02/02 v2.0n Standard LaTeX package
)
(/usr/share/texlive/texmf-dist/tex/latex/float/float.sty
Package: float 2001/11/08 v1.3d Float enhancements (AL)
\c@float@type=\count272
\float@exts=\toks21
\float@box=\box48
\@float@everytoks=\toks22
\@floatcapt=\box49
)
(/usr/share/texlive/texmf-dist/tex/latex/wrapfig/wrapfig.sty
\wrapoverhang=\dimen154
\WF@size=\dimen155
\c@WF@wrappedlines=\count273
\WF@box=\box50
\WF@everypar=\toks23
Package: wrapfig 2003/01/31  v 3.6
)
(/usr/share/texlive/texmf-dist/tex/latex/capt-of/capt-of.sty
Package: capt-of 2009/12/29 v0.2 standard captions outside of floats
)
(/usr/share/texlive/texmf-dist/tex/latex/tools/multicol.sty
Package: multicol 2019/12/09 v1.8y multicolumn formatting (FMi)
\c@tracingmulticols=\count274
\mult@box=\box51
\multicol@leftmargin=\dimen156
\c@unbalance=\count275
\c@collectmore=\count276
\doublecol@number=\count277
\multicoltolerance=\count278
\multicolpretolerance=\count279
\full@width=\dimen157
\page@free=\dimen158
\premulticols=\dimen159
\postmulticols=\dimen160
\multicolsep=\skip59
\multicolbaselineskip=\skip60
\partial@page=\box52
\last@line=\box53
\maxbalancingoverflow=\dimen161
\mult@rightbox=\box54
\mult@grightbox=\box55
\mult@gfirstbox=\box56
\mult@firstbox=\box57
\@tempa=\box58
\@tempa=\box59
\@tempa=\box60
\@tempa=\box61
\@tempa=\box62
\@tempa=\box63
\@tempa=\box64
\@tempa=\box65
\@tempa=\box66
\@tempa=\box67
\@tempa=\box68
\@tempa=\box69
\@tempa=\box70
\@tempa=\box71
\@tempa=\box72
\@tempa=\box73
\@tempa=\box74
\@tempa=\box75
\@tempa=\box76
\@tempa=\box77
\@tempa=\box78
\@tempa=\box79
\@tempa=\box80
\@tempa=\box81
\@tempa=\box82
\@tempa=\box83
\@tempa=\box84
\@tempa=\box85
\@tempa=\box86
\@tempa=\box87
\@tempa=\box88
\@tempa=\box89
\@tempa=\box90
\@tempa=\box91
\@tempa=\box92
\@tempa=\box93
\@tempa=\box94
\c@minrows=\count280
\c@columnbadness=\count281
\c@finalcolumnbadness=\count282
\last@try=\dimen162
\multicolovershoot=\dimen163
\multicolundershoot=\dimen164
\mult@nat@firstbox=\box95
\colbreak@box=\box96
\mc@col@check@num=\count283
)
(/usr/share/texlive/texmf-dist/tex/latex/graphics/graphicx.sty
Package: graphicx 2019/11/30 v1.2a Enhanced LaTeX Graphics (DPC,SPQR)

(/usr/share/texlive/texmf-dist/tex/latex/graphics/graphics.sty
Package: graphics 2019/11/30 v1.4a Standard LaTeX Graphics (DPC,SPQR)

(/usr/share/texlive/texmf-dist/tex/latex/graphics/trig.sty
Package: trig 2016/01/03 v1.10 sin cos tan (DPC)
)
(/usr/share/texlive/texmf-dist/tex/latex/graphics-cfg/graphics.cfg
File: graphics.cfg 2016/06/04 v1.11 sample graphics configuration
)
Package graphics Info: Driver file: xetex.def on input line 105.
)
\Gin@req@height=\dimen165
\Gin@req@width=\dimen166
)
(./sphinxlatexgraphics.sty
File: sphinxlatexgraphics.sty 2021/01/27 graphics
\spx@image@maxheight=\dimen167
\spx@image@box=\box97
) (./sphinxlatexadmonitions.sty
File: sphinxlatexadmonitions.sty 2021/01/27 admonitions

(/usr/share/texlive/texmf-dist/tex/latex/framed/framed.sty
Package: framed 2011/10/22 v 0.96: framed or shaded text with page breaks
\OuterFrameSep=\skip61
\fb@frw=\dimen168
\fb@frh=\dimen169
\FrameRule=\dimen170
\FrameSep=\dimen171
))
(./sphinxlatexliterals.sty
File: sphinxlatexliterals.sty 2021/01/27 code-blocks and parsed literals

(/usr/share/texlive/texmf-dist/tex/latex/fancyvrb/fancyvrb.sty
Package: fancyvrb 2020/01/13 v3.5 verbatim text (tvz,hv)
\FV@CodeLineNo=\count284
\FV@InFile=\read2
\FV@TabBox=\box98
\c@FancyVerbLine=\count285
\FV@StepNumber=\count286
\FV@OutFile=\write3
)
(/usr/share/texlive/texmf-dist/tex/latex/base/alltt.sty
Package: alltt 1997/06/16 v2.0g defines alltt environment
)
(/usr/share/texlive/texmf-dist/tex/latex/upquote/upquote.sty
Package: upquote 2012/04/19 v1.3 upright-quote and grave-accent glyphs in verba
tim
)
(/usr/share/texlive/texmf-dist/tex/latex/needspace/needspace.sty
Package: needspace 2010/09/12 v1.3d reserve vertical space
)
\sphinxcontinuationbox=\box99
\sphinxvisiblespacebox=\box100
\sphinxVerbatim@TitleBox=\box101
\sphinxVerbatim@ContentsBox=\box102
\spx@scratchbox=\box103
)
(./sphinxlatexshadowbox.sty
File: sphinxlatexshadowbox.sty 2021/01/27 sphinxShadowBox
) (./sphinxhighlight.sty
Package: sphinxhighlight 2016/05/29 stylesheet for highlighting with pygments
) (./sphinxlatextables.sty
File: sphinxlatextables.sty 2021/01/27 tables

(/usr/share/texlive/texmf-dist/tex/latex/tabulary/tabulary.sty
Package: tabulary 2014/06/11 v0.10 tabulary package (DPC)

(/usr/share/texlive/texmf-dist/tex/latex/tools/array.sty
Package: array 2019/08/31 v2.4l Tabular extension package (FMi)
\col@sep=\dimen172
\ar@mcellbox=\box104
\extrarowheight=\dimen173
\NC@list=\toks24
\extratabsurround=\skip62
\backup@length=\skip63
\ar@cellbox=\box105
)
\TY@count=\count287
\TY@linewidth=\dimen174
\tymin=\dimen175
\tymax=\dimen176
\TY@tablewidth=\dimen177
)
(/usr/share/texlive/texmf-dist/tex/latex/tools/longtable.sty
Package: longtable 2020/01/07 v4.13 Multi-page Table package (DPC)
\LTleft=\skip64
\LTright=\skip65
\LTpre=\skip66
\LTpost=\skip67
\LTchunksize=\count288
\LTcapwidth=\dimen178
\LT@head=\box106
\LT@firsthead=\box107
\LT@foot=\box108
\LT@lastfoot=\box109
\LT@cols=\count289
\LT@rows=\count290
\c@LT@tables=\count291
\c@LT@chunks=\count292
\LT@p@ftn=\toks25
)
(/usr/share/texlive/texmf-dist/tex/latex/varwidth/varwidth.sty
Package: varwidth 2009/03/30 ver 0.92;  Variable-width minipages
\@vwid@box=\box110
\sift@deathcycles=\count293
\@vwid@loff=\dimen179
\@vwid@roff=\dimen180
)
\sphinx@TY@tablewidth=\dimen181
)
(./sphinxlatexnumfig.sty
File: sphinxlatexnumfig.sty 2021/01/27 numbering
) (./sphinxlatexlists.sty
File: sphinxlatexlists.sty 2021/01/27 lists
)
\c@sphinxscope=\count294
\c@sphinxexplicit=\count295
 (./sphinxpackagefootnote.sty
Package: sphinxpackagefootnote 2021/02/04 v1.1d footnotehyper adapted to sphinx
 (Sphinx team)
\FNH@notes=\box111
\FNH@toks=\toks26
\FNH@width=\dimen182
) (./sphinxlatexindbibtoc.sty
File: sphinxlatexindbibtoc.sty 2021/01/27 index, bib., toc

(/usr/share/texlive/texmf-dist/tex/latex/base/makeidx.sty
Package: makeidx 2014/09/29 v1.0m Standard LaTeX package
))
(./sphinxlatexstylepage.sty
File: sphinxlatexstylepage.sty 2021/01/27 page styling

(/usr/share/texlive/texmf-dist/tex/latex/parskip/parskip.sty
Rollback for package 'parskip' requested -> version 'v1'.
         This corresponds to the release introduced on 2001-04-09.

(/usr/share/texlive/texmf-dist/tex/latex/parskip/parskip-2001-04-09.sty
Package: parskip 2001/04/09 non-zero parskip adjustments
))
(/usr/share/texlive/texmf-dist/tex/latex/fancyhdr/fancyhdr.sty
Package: fancyhdr 2019/01/31 v3.10 Extensive control of page headers and footer
s
\f@nch@headwidth=\skip68
\f@nch@O@elh=\skip69
\f@nch@O@erh=\skip70
\f@nch@O@olh=\skip71
\f@nch@O@orh=\skip72
\f@nch@O@elf=\skip73
\f@nch@O@erf=\skip74
\f@nch@O@olf=\skip75
\f@nch@O@orf=\skip76
))
(./sphinxlatexstyleheadings.sty
File: sphinxlatexstyleheadings.sty 2021/01/27 headings

(/usr/share/texlive/texmf-dist/tex/latex/titlesec/titlesec.sty
Package: titlesec 2019/10/16 v2.13 Sectioning titles
\ttl@box=\box112
\beforetitleunit=\skip77
\aftertitleunit=\skip78
\ttl@plus=\dimen183
\ttl@minus=\dimen184
\ttl@toksa=\toks27
\titlewidth=\dimen185
\titlewidthlast=\dimen186
\titlewidthfirst=\dimen187
))
(./sphinxlatexstyletext.sty
File: sphinxlatexstyletext.sty 2021/01/27 text styling
) (./sphinxlatexobjects.sty
File: sphinxlatexobjects.sty 2021/01/27 documentation environments
\py@argswidth=\skip79
\lineblockindentation=\skip80
\DUlineblockindent=\skip81
))
(/usr/share/texlive/texmf-dist/tex/latex/geometry/geometry.sty
Package: geometry 2020/01/02 v5.9 Page Geometry

(/usr/share/texlive/texmf-dist/tex/generic/iftex/ifvtex.sty
Package: ifvtex 2019/10/25 v1.7 ifvtex legacy package. Use iftex instead.
)
\Gm@cnth=\count296
\Gm@cntv=\count297
\c@Gm@tempcnt=\count298
\Gm@bindingoffset=\dimen188
\Gm@wd@mp=\dimen189
\Gm@odd@mp=\dimen190
\Gm@even@mp=\dimen191
\Gm@layoutwidth=\dimen192
\Gm@layoutheight=\dimen193
\Gm@layouthoffset=\dimen194
\Gm@layoutvoffset=\dimen195
\Gm@dimlist=\toks28
)
(/usr/share/texlive/texmf-dist/tex/latex/hyperref/hyperref.sty
Package: hyperref 2020/01/14 v7.00d Hypertext links for LaTeX

(/usr/share/texlive/texmf-dist/tex/latex/pdftexcmds/pdftexcmds.sty
Package: pdftexcmds 2019/11/24 v0.31 Utility functions of pdfTeX for LuaTeX (HO
)

(/usr/share/texlive/texmf-dist/tex/generic/infwarerr/infwarerr.sty
Package: infwarerr 2019/12/03 v1.5 Providing info/warning/error messages (HO)
)
Package pdftexcmds Info: \pdf@primitive is available.
Package pdftexcmds Info: \pdf@ifprimitive is available.
Package pdftexcmds Info: \pdfdraftmode not found.
)
(/usr/share/texlive/texmf-dist/tex/generic/kvdefinekeys/kvdefinekeys.sty
Package: kvdefinekeys 2019-12-19 v1.6 Define keys (HO)
)
(/usr/share/texlive/texmf-dist/tex/generic/pdfescape/pdfescape.sty
Package: pdfescape 2019/12/09 v1.15 Implements pdfTeX's escape features (HO)
)
(/usr/share/texlive/texmf-dist/tex/latex/hycolor/hycolor.sty
Package: hycolor 2020-01-27 v1.10 Color options for hyperref/bookmark (HO)
)
(/usr/share/texlive/texmf-dist/tex/latex/letltxmacro/letltxmacro.sty
Package: letltxmacro 2019/12/03 v1.6 Let assignment for LaTeX macros (HO)
)
(/usr/share/texlive/texmf-dist/tex/latex/auxhook/auxhook.sty
Package: auxhook 2019-12-17 v1.6 Hooks for auxiliary files (HO)
)
\@linkdim=\dimen196
\Hy@linkcounter=\count299
\Hy@pagecounter=\count300

(/usr/share/texlive/texmf-dist/tex/latex/hyperref/pd1enc.def
File: pd1enc.def 2020/01/14 v7.00d Hyperref: PDFDocEncoding definition (HO)
)
(/usr/share/texlive/texmf-dist/tex/generic/intcalc/intcalc.sty
Package: intcalc 2019/12/15 v1.3 Expandable calculations with integers (HO)
)
(/usr/share/texlive/texmf-dist/tex/generic/etexcmds/etexcmds.sty
Package: etexcmds 2019/12/15 v1.7 Avoid name clashes with e-TeX commands (HO)
)
\Hy@SavedSpaceFactor=\count301
Package hyperref Info: Option `hyperindex' set `false' on input line 4421.
Package hyperref Info: Option `unicode' set `true' on input line 4421.

(/usr/share/texlive/texmf-dist/tex/latex/hyperref/puenc.def
File: puenc.def 2020/01/14 v7.00d Hyperref: PDF Unicode definition (HO)
)
Package hyperref Info: Option `colorlinks' set `true' on input line 4421.
Package hyperref Info: Option `breaklinks' set `true' on input line 4421.
Package hyperref Info: Hyper figures OFF on input line 4547.
Package hyperref Info: Link nesting OFF on input line 4552.
Package hyperref Info: Hyper index OFF on input line 4557.
Package hyperref Info: Plain pages OFF on input line 4562.
Package hyperref Info: Backreferencing OFF on input line 4567.
Package hyperref Info: Implicit mode ON; LaTeX internals redefined.
Package hyperref Info: Bookmarks ON on input line 4800.
\c@Hy@tempcnt=\count302

(/usr/share/texlive/texmf-dist/tex/latex/url/url.sty
\Urlmuskip=\muskip17
Package: url 2013/09/16  ver 3.4  Verb mode for urls, etc.
)
LaTeX Info: Redefining \url on input line 5159.
\XeTeXLinkMargin=\dimen197

(/usr/share/texlive/texmf-dist/tex/generic/bitset/bitset.sty
Package: bitset 2019/12/09 v1.3 Handle bit-vector datatype (HO)

(/usr/share/texlive/texmf-dist/tex/generic/bigintcalc/bigintcalc.sty
Package: bigintcalc 2019/12/15 v1.5 Expandable calculations on big integers (HO
)
))
\Fld@menulength=\count303
\Field@Width=\dimen198
\Fld@charsize=\dimen199
Package hyperref Info: Hyper figures OFF on input line 6430.
Package hyperref Info: Link nesting OFF on input line 6435.
Package hyperref Info: Hyper index OFF on input line 6440.
Package hyperref Info: backreferencing OFF on input line 6445.
Package hyperref Info: Link coloring ON on input line 6448.
Package hyperref Info: Link coloring with OCG OFF on input line 6455.
Package hyperref Info: PDF/A mode OFF on input line 6460.
LaTeX Info: Redefining \ref on input line 6500.
LaTeX Info: Redefining \pageref on input line 6504.

(/usr/share/texlive/texmf-dist/tex/generic/atbegshi/atbegshi.sty
Package: atbegshi 2019/12/05 v1.19 At begin shipout hook (HO)
)
\Hy@abspage=\count304
\c@Item=\count305
\c@Hfootnote=\count306
)
Package hyperref Info: Driver (autodetected): hxetex.

(/usr/share/texlive/texmf-dist/tex/latex/hyperref/hxetex.def
File: hxetex.def 2020/01/14 v7.00d Hyperref driver for XeTeX

(/usr/share/texlive/texmf-dist/tex/generic/stringenc/stringenc.sty
Package: stringenc 2019/11/29 v1.12 Convert strings between diff. encodings (HO
)
)
\pdfm@box=\box113
\c@Hy@AnnotLevel=\count307
\HyField@AnnotCount=\count308
\Fld@listcount=\count309
\c@bookmark@seq@number=\count310

(/usr/share/texlive/texmf-dist/tex/latex/rerunfilecheck/rerunfilecheck.sty
Package: rerunfilecheck 2019/12/05 v1.9 Rerun checks for auxiliary files (HO)

(/usr/share/texlive/texmf-dist/tex/latex/atveryend/atveryend.sty
Package: atveryend 2019-12-11 v1.11 Hooks at the very end of document (HO)
)
(/usr/share/texlive/texmf-dist/tex/generic/uniquecounter/uniquecounter.sty
Package: uniquecounter 2019/12/15 v1.4 Provide unlimited unique counter (HO)
)
Package uniquecounter Info: New unique counter `rerunfilecheck' on input line 2
86.
)
\Hy@SectionHShift=\skip82
)
(/usr/share/texlive/texmf-dist/tex/latex/oberdiek/hypcap.sty
Package: hypcap 2016/05/16 v1.12 Adjusting the anchors of captions (HO)
)
(./sphinxmessages.sty
Package: sphinxmessages 2019/01/04 v2.0 Localized LaTeX macros (Sphinx team)
)
\@indexfile=\write4
\openout4 = `nmr-espy.idx'.


Writing index file nmr-espy.idx
(./nmr-espy.aux
LaTeX Info: Redefining \rmfamily on input line 19.
LaTeX Info: Redefining \sffamily on input line 19.
LaTeX Info: Redefining \ttfamily on input line 19.
)
\openout1 = `nmr-espy.aux'.

LaTeX Font Info:    Checking defaults for OML/cmm/m/it on input line 81.
LaTeX Font Info:    ... okay on input line 81.
LaTeX Font Info:    Checking defaults for OMS/cmsy/m/n on input line 81.
LaTeX Font Info:    ... okay on input line 81.
LaTeX Font Info:    Checking defaults for OT1/cmr/m/n on input line 81.
LaTeX Font Info:    ... okay on input line 81.
LaTeX Font Info:    Checking defaults for T1/cmr/m/n on input line 81.
LaTeX Font Info:    ... okay on input line 81.
LaTeX Font Info:    Checking defaults for TS1/cmr/m/n on input line 81.
LaTeX Font Info:    Trying to load font information for TS1+cmr on input line 8
1.
 (/usr/share/texlive/texmf-dist/tex/latex/base/ts1cmr.fd
File: ts1cmr.fd 2019/12/16 v2.5j Standard LaTeX font definitions
)
LaTeX Font Info:    ... okay on input line 81.
LaTeX Font Info:    Checking defaults for TU/lmr/m/n on input line 81.
LaTeX Font Info:    ... okay on input line 81.
LaTeX Font Info:    Checking defaults for OMX/cmex/m/n on input line 81.
LaTeX Font Info:    ... okay on input line 81.
LaTeX Font Info:    Checking defaults for U/cmr/m/n on input line 81.
LaTeX Font Info:    ... okay on input line 81.
LaTeX Font Info:    Checking defaults for PD1/pdf/m/n on input line 81.
LaTeX Font Info:    ... okay on input line 81.
LaTeX Font Info:    Checking defaults for PU/pdf/m/n on input line 81.
LaTeX Font Info:    ... okay on input line 81.

Package fontspec Info: Adjusting the maths setup (use [no-math] to avoid
(fontspec)             this).

\symlegacymaths=\mathgroup6
LaTeX Font Info:    Overwriting symbol font `legacymaths' in version `bold'
(Font)                  OT1/cmr/m/n --> OT1/cmr/bx/n on input line 81.
LaTeX Font Info:    Redeclaring math accent \acute on input line 81.
LaTeX Font Info:    Redeclaring math accent \grave on input line 81.
LaTeX Font Info:    Redeclaring math accent \ddot on input line 81.
LaTeX Font Info:    Redeclaring math accent \tilde on input line 81.
LaTeX Font Info:    Redeclaring math accent \bar on input line 81.
LaTeX Font Info:    Redeclaring math accent \breve on input line 81.
LaTeX Font Info:    Redeclaring math accent \check on input line 81.
LaTeX Font Info:    Redeclaring math accent \hat on input line 81.
LaTeX Font Info:    Redeclaring math accent \dot on input line 81.
LaTeX Font Info:    Redeclaring math accent \mathring on input line 81.
LaTeX Font Info:    Redeclaring math symbol \Gamma on input line 81.
LaTeX Font Info:    Redeclaring math symbol \Delta on input line 81.
LaTeX Font Info:    Redeclaring math symbol \Theta on input line 81.
LaTeX Font Info:    Redeclaring math symbol \Lambda on input line 81.
LaTeX Font Info:    Redeclaring math symbol \Xi on input line 81.
LaTeX Font Info:    Redeclaring math symbol \Pi on input line 81.
LaTeX Font Info:    Redeclaring math symbol \Sigma on input line 81.
LaTeX Font Info:    Redeclaring math symbol \Upsilon on input line 81.
LaTeX Font Info:    Redeclaring math symbol \Phi on input line 81.
LaTeX Font Info:    Redeclaring math symbol \Psi on input line 81.
LaTeX Font Info:    Redeclaring math symbol \Omega on input line 81.
LaTeX Font Info:    Redeclaring math symbol \mathdollar on input line 81.
LaTeX Font Info:    Redeclaring symbol font `operators' on input line 81.
LaTeX Font Info:    Encoding `OT1' has changed to `TU' for symbol font
(Font)              `operators' in the math version `normal' on input line 81.
LaTeX Font Info:    Overwriting symbol font `operators' in version `normal'
(Font)                  OT1/cmr/m/n --> TU/FreeSerif(0)/m/n on input line 81.
LaTeX Font Info:    Encoding `OT1' has changed to `TU' for symbol font
(Font)              `operators' in the math version `bold' on input line 81.
LaTeX Font Info:    Overwriting symbol font `operators' in version `bold'
(Font)                  OT1/cmr/bx/n --> TU/FreeSerif(0)/m/n on input line 81.
LaTeX Font Info:    Overwriting symbol font `operators' in version `normal'
(Font)                  TU/FreeSerif(0)/m/n --> TU/FreeSerif(0)/m/n on input li
ne 81.
LaTeX Font Info:    Overwriting math alphabet `\mathit' in version `normal'
(Font)                  OT1/cmr/m/it --> TU/FreeSerif(0)/m/it on input line 81.

LaTeX Font Info:    Overwriting math alphabet `\mathbf' in version `normal'
(Font)                  OT1/cmr/bx/n --> TU/FreeSerif(0)/b/n on input line 81.
LaTeX Font Info:    Overwriting math alphabet `\mathsf' in version `normal'
(Font)                  OT1/cmss/m/n --> TU/FreeSans(0)/m/n on input line 81.
LaTeX Font Info:    Overwriting math alphabet `\mathtt' in version `normal'
(Font)                  OT1/cmtt/m/n --> TU/FreeMono(0)/m/n on input line 81.
LaTeX Font Info:    Overwriting symbol font `operators' in version `bold'
(Font)                  TU/FreeSerif(0)/m/n --> TU/FreeSerif(0)/b/n on input li
ne 81.
LaTeX Font Info:    Overwriting math alphabet `\mathit' in version `bold'
(Font)                  OT1/cmr/bx/it --> TU/FreeSerif(0)/b/it on input line 81
.
LaTeX Font Info:    Overwriting math alphabet `\mathsf' in version `bold'
(Font)                  OT1/cmss/bx/n --> TU/FreeSans(0)/b/n on input line 81.
LaTeX Font Info:    Overwriting math alphabet `\mathtt' in version `bold'
(Font)                  OT1/cmtt/m/n --> TU/FreeMono(0)/b/n on input line 81.
\c@literalblock=\count311
\c@enumv=\count312
\c@enumvi=\count313
\c@enumvii=\count314
\c@enumviii=\count315
\c@enumix=\count316
\c@enumx=\count317
Package sphinx Info: maximal list depth extended to 10 on input line 81.

*geometry* driver: auto-detecting
*geometry* detected driver: xetex
*geometry* verbose mode - [ preamble ] result:
* driver: xetex
* paper: letterpaper
* layout: <same size as paper>
* layoutoffset:(h,v)=(0.0pt,0.0pt)
* modes: twoside 
* h-part:(L,W,R)=(72.26999pt, 469.75502pt, 72.26999pt)
* v-part:(T,H,B)=(72.26999pt, 650.43001pt, 72.26999pt)
* \paperwidth=614.295pt
* \paperheight=794.96999pt
* \textwidth=469.75502pt
* \textheight=650.43001pt
* \oddsidemargin=0.0pt
* \evensidemargin=0.0pt
* \topmargin=-37.0pt
* \headheight=12.0pt
* \headsep=25.0pt
* \topskip=10.0pt
* \footskip=30.0pt
* \marginparwidth=36.135pt
* \marginparsep=11.0pt
* \columnsep=10.0pt
* \skip\footins=9.0pt plus 4.0pt minus 2.0pt
* \hoffset=0.0pt
* \voffset=0.0pt
* \mag=1000
* \@twocolumnfalse
* \@twosidetrue
* \@mparswitchtrue
* \@reversemarginfalse
* (1in=72.27pt=25.4mm, 1cm=28.453pt)

\AtBeginShipoutBox=\box114
Package hyperref Info: Link coloring ON on input line 81.
(/usr/share/texlive/texmf-dist/tex/latex/hyperref/nameref.sty
Package: nameref 2019/09/16 v2.46 Cross-referencing by name of section

(/usr/share/texlive/texmf-dist/tex/latex/refcount/refcount.sty
Package: refcount 2019/12/15 v3.6 Data extraction from label references (HO)
)
(/usr/share/texlive/texmf-dist/tex/generic/gettitlestring/gettitlestring.sty
Package: gettitlestring 2019/12/15 v1.6 Cleanup title references (HO)
)
\c@section@level=\count318
)
LaTeX Info: Redefining \ref on input line 81.
LaTeX Info: Redefining \pageref on input line 81.
LaTeX Info: Redefining \nameref on input line 81.

(./nmr-espy.out) (./nmr-espy.out)
\@outlinefile=\write5
\openout5 = `nmr-espy.out'.

LaTeX Info: Redefining \rmfamily on input line 81.
LaTeX Info: Redefining \sffamily on input line 81.
LaTeX Info: Redefining \ttfamily on input line 81.
Package hyperref Info: Option `pageanchor' set `false' on input line 84.
LaTeX Font Info:    Trying to load font information for U+msa on input line 84.


(/usr/share/texlive/texmf-dist/tex/latex/amsfonts/umsa.fd
File: umsa.fd 2013/01/14 v3.01 AMS symbols A
)
LaTeX Font Info:    Trying to load font information for U+msb on input line 84.


(/usr/share/texlive/texmf-dist/tex/latex/amsfonts/umsb.fd
File: umsb.fd 2013/01/14 v3.01 AMS symbols B
) [1

] [2


]
(./nmr-espy.toc
LaTeX Info: Redefining \rmfamily on input line 1.
LaTeX Info: Redefining \sffamily on input line 1.
LaTeX Info: Redefining \ttfamily on input line 1.
)
\tf@toc=\write6
\openout6 = `nmr-espy.toc'.

 [1

] [2

]
File: nmrespy_full.png Graphic file (type bmp)
<nmrespy_full.png>
File: github.png Graphic file (type bmp)
<github.png>
File: email.png Graphic file (type bmp)
<email.png>
LaTeX Info: Redefining \rmfamily on input line 133.
LaTeX Info: Redefining \sffamily on input line 133.
LaTeX Info: Redefining \ttfamily on input line 133.
 [1]
LaTeX Info: Redefining \rmfamily on input line 133.
LaTeX Info: Redefining \sffamily on input line 133.
LaTeX Info: Redefining \ttfamily on input line 133.
 [2

]
Chapter 1.

Underfull \hbox (badness 10000) in paragraph at lines 210--210
[]\TU/FreeSans(0)/m/n/10 Pack-
 []


Underfull \hbox (badness 10000) in paragraph at lines 210--210
[]\TU/FreeSans(0)/m/n/10 Ver-
 []


Underfull \hbox (badness 10000) in paragraph at lines 210--210
[][][]\TU/FreeSerif(0)/m/n/10 Mat-
 []


Underfull \hbox (badness 10000) in paragraph at lines 210--210
[][][]\TU/FreeSerif(0)/m/n/10 Col-
 []

[3]
LaTeX Info: Redefining \rmfamily on input line 266.
LaTeX Info: Redefining \sffamily on input line 266.
LaTeX Info: Redefining \ttfamily on input line 266.
 [4]
Chapter 2.
[5

]
LaTeX Info: Redefining \rmfamily on input line 392.
LaTeX Info: Redefining \sffamily on input line 392.
LaTeX Info: Redefining \ttfamily on input line 392.
 [6]
Chapter 3.
[7

]
File: view_data.png Graphic file (type bmp)
<view_data.png>
File: spectral_region.png Graphic file (type bmp)
<spectral_region.png>
LaTeX Info: Redefining \rmfamily on input line 500.
LaTeX Info: Redefining \sffamily on input line 500.
LaTeX Info: Redefining \ttfamily on input line 500.
 [8]
LaTeX Info: Redefining \rmfamily on input line 552.
LaTeX Info: Redefining \sffamily on input line 552.
LaTeX Info: Redefining \ttfamily on input line 552.
 [9]
LaTeX Info: Redefining \rmfamily on input line 605.
LaTeX Info: Redefining \sffamily on input line 605.
LaTeX Info: Redefining \ttfamily on input line 605.
 [10]
LaTeX Info: Redefining \rmfamily on input line 659.
LaTeX Info: Redefining \sffamily on input line 659.
LaTeX Info: Redefining \ttfamily on input line 659.
 [11]
LaTeX Info: Redefining \rmfamily on input line 746.
LaTeX Info: Redefining \sffamily on input line 746.
LaTeX Info: Redefining \ttfamily on input line 746.
 [12]
LaTeX Info: Redefining \rmfamily on input line 756.
LaTeX Info: Redefining \sffamily on input line 756.
LaTeX Info: Redefining \ttfamily on input line 756.
 [13]
LaTeX Info: Redefining \rmfamily on input line 756.
LaTeX Info: Redefining \sffamily on input line 756.
LaTeX Info: Redefining \ttfamily on input line 756.
 [14

]
Chapter 4.
[15]
LaTeX Info: Redefining \rmfamily on input line 929.
LaTeX Info: Redefining \sffamily on input line 929.
LaTeX Info: Redefining \ttfamily on input line 929.
 [16]

LaTeX Warning: Hyper reference `install::doc' on page 17 undefined on input lin
e 949.

LaTeX Info: Redefining \rmfamily on input line 1016.
LaTeX Info: Redefining \sffamily on input line 1016.
LaTeX Info: Redefining \ttfamily on input line 1016.
[17]
File: datatype.png Graphic file (type bmp)
<datatype.png>
File: setup_window.png Graphic file (type bmp)
<setup_window.png>
LaTeX Info: Redefining \rmfamily on input line 1070.
LaTeX Info: Redefining \sffamily on input line 1070.
LaTeX Info: Redefining \ttfamily on input line 1070.
 [18]
File: home.png Graphic file (type bmp)
<home.png>
File: back.png Graphic file (type bmp)
<back.png>
File: forward.png Graphic file (type bmp)
<forward.png>
File: pan.png Graphic file (type bmp)
<pan.png>
File: zoom.png Graphic file (type bmp)
<zoom.png>
LaTeX Info: Redefining \rmfamily on input line 1126.
LaTeX Info: Redefining \sffamily on input line 1126.
LaTeX Info: Redefining \ttfamily on input line 1126.
 [19]
File: setup_window_phase_tab.png Graphic file (type bmp)
<setup_window_phase_tab.png>
File: unverified_parameter_window.png Graphic file (type bmp)
<unverified_parameter_window.png>
LaTeX Info: Redefining \rmfamily on input line 1165.
LaTeX Info: Redefining \sffamily on input line 1165.
LaTeX Info: Redefining \ttfamily on input line 1165.
 [20]
File: advanced_settings_window.png Graphic file (type bmp)
<advanced_settings_window.png>
LaTeX Info: Redefining \rmfamily on input line 1213.
LaTeX Info: Redefining \sffamily on input line 1213.
LaTeX Info: Redefining \ttfamily on input line 1213.
 [21]
File: filter_cut.png Graphic file (type bmp)
<filter_cut.png>
LaTeX Info: Redefining \rmfamily on input line 1243.
LaTeX Info: Redefining \sffamily on input line 1243.
LaTeX Info: Redefining \ttfamily on input line 1243.
 [22]
LaTeX Info: Redefining \rmfamily on input line 1337.
LaTeX Info: Redefining \sffamily on input line 1337.
LaTeX Info: Redefining \ttfamily on input line 1337.
 [23]
File: result_window.png Graphic file (type bmp)
<result_window.png>
File: edit_parameters_window_1.png Graphic file (type bmp)
<edit_parameters_window_1.png>
LaTeX Info: Redefining \rmfamily on input line 1389.
LaTeX Info: Redefining \sffamily on input line 1389.
LaTeX Info: Redefining \ttfamily on input line 1389.
 [24]
File: edit_parameters_window_2.png Graphic file (type bmp)
<edit_parameters_window_2.png>
File: edit_parameters_window_3.png Graphic file (type bmp)
<edit_parameters_window_3.png>
LaTeX Info: Redefining \rmfamily on input line 1416.
LaTeX Info: Redefining \sffamily on input line 1416.
LaTeX Info: Redefining \ttfamily on input line 1416.
 [25]
File: add_window.png Graphic file (type bmp)
<add_window.png>
LaTeX Info: Redefining \rmfamily on input line 1473.
LaTeX Info: Redefining \sffamily on input line 1473.
LaTeX Info: Redefining \ttfamily on input line 1473.
 [26]
File: split_window.png Graphic file (type bmp)
<split_window.png>
LaTeX Info: Redefining \rmfamily on input line 1555.
LaTeX Info: Redefining \sffamily on input line 1555.
LaTeX Info: Redefining \ttfamily on input line 1555.
 [27]
File: save_window.png Graphic file (type bmp)
<save_window.png>
LaTeX Info: Redefining \rmfamily on input line 1582.
LaTeX Info: Redefining \sffamily on input line 1582.
LaTeX Info: Redefining \ttfamily on input line 1582.
 [28]
LaTeX Info: Redefining \rmfamily on input line 1685.
LaTeX Info: Redefining \sffamily on input line 1685.
LaTeX Info: Redefining \ttfamily on input line 1685.
 [29]
LaTeX Info: Redefining \rmfamily on input line 1685.
LaTeX Info: Redefining \sffamily on input line 1685.
LaTeX Info: Redefining \ttfamily on input line 1685.
 [30

]
Chapter 5.
[31]
LaTeX Info: Redefining \rmfamily on input line 1866.
LaTeX Info: Redefining \sffamily on input line 1866.
LaTeX Info: Redefining \ttfamily on input line 1866.
 [32]
File: displace.png Graphic file (type bmp)
<displace.png>
LaTeX Info: Redefining \rmfamily on input line 1973.
LaTeX Info: Redefining \sffamily on input line 1973.
LaTeX Info: Redefining \ttfamily on input line 1973.
 [33]
File: subplot.png Graphic file (type bmp)
<subplot.png>
LaTeX Info: Redefining \rmfamily on input line 2021.
LaTeX Info: Redefining \sffamily on input line 2021.
LaTeX Info: Redefining \ttfamily on input line 2021.
 [34]
LaTeX Info: Redefining \rmfamily on input line 2044.
LaTeX Info: Redefining \sffamily on input line 2044.
LaTeX Info: Redefining \ttfamily on input line 2044.
 [35]
LaTeX Info: Redefining \rmfamily on input line 2044.
LaTeX Info: Redefining \sffamily on input line 2044.
LaTeX Info: Redefining \ttfamily on input line 2044.
 [36

]
Chapter 6.

Underfull \hbox (badness 10000) in paragraph at lines 2057--2066
\TU/FreeSerif(0)/b/n/10 Note:  \TU/FreeSerif(0)/m/n/10 The methods [][]\TU/Free
Mono(0)/m/it/10 new_bruker()[][]\TU/FreeSerif(0)/m/n/10 , \TU/FreeMono(0)/m/n/1
0 new_synthetic_from_data() \TU/FreeSerif(0)/m/n/10 and
 []

[37]
Underfull \hbox (badness 10000) in paragraph at lines 2203--2207
[]\TU/FreeSerif(0)/m/n/10 If \TU/FreeSerif(0)/m/it/10 self.filter_info \TU/Free
Serif(0)/m/n/10 is an instance of [][]\TU/FreeMono(0)/m/it/10 nmrespy.freqfilte
r.FrequencyFilter[][]\TU/FreeSerif(0)/m/n/10 ,
 []


Underfull \hbox (badness 10000) in paragraph at lines 2253--2262
[]\TU/FreeMono(0)/b/n/10 region \TU/FreeSerif(0)/m/n/10 (\TU/FreeMono(0)/m/it/1
0 [[int, int]], [[int, int], [int, int]], [[float,
 []

LaTeX Info: Redefining \rmfamily on input line 2262.
LaTeX Info: Redefining \sffamily on input line 2262.
LaTeX Info: Redefining \ttfamily on input line 2262.
[38]
Underfull \hbox (badness 10000) in paragraph at lines 2264--2267
[]\TU/FreeMono(0)/b/n/10 noise_region \TU/FreeSerif(0)/m/n/10 (\TU/FreeMono(0)/
m/it/10 [[int, int]], [[int, int], [int, int]],
 []


Underfull \hbox (badness 10000) in paragraph at lines 2292--2296
\TU/FreeSerif(0)/m/n/10 This method assigns the attribute \TU/FreeSerif(0)/m/it
/10 filter_info \TU/FreeSerif(0)/m/n/10 to an instance of [][]\TU/FreeMono(0)/m
/it/10 nmrespy.freqfilter.
 []

LaTeX Info: Redefining \rmfamily on input line 2365.
LaTeX Info: Redefining \sffamily on input line 2365.
LaTeX Info: Redefining \ttfamily on input line 2365.
[39]
LaTeX Info: Redefining \rmfamily on input line 2521.
LaTeX Info: Redefining \sffamily on input line 2521.
LaTeX Info: Redefining \ttfamily on input line 2521.
 [40]
LaTeX Info: Redefining \rmfamily on input line 2683.
LaTeX Info: Redefining \sffamily on input line 2683.
LaTeX Info: Redefining \ttfamily on input line 2683.
 [41]
LaTeX Info: Redefining \rmfamily on input line 2811.
LaTeX Info: Redefining \sffamily on input line 2811.
LaTeX Info: Redefining \ttfamily on input line 2811.
 [42]
LaTeX Info: Redefining \rmfamily on input line 2992.
LaTeX Info: Redefining \sffamily on input line 2992.
LaTeX Info: Redefining \ttfamily on input line 2992.
 [43]
Underfull \hbox (badness 10000) in paragraph at lines 3029--3033
[]\TU/FreeSerif(0)/m/n/10 If \TU/FreeSerif(0)/m/it/10 self.filter_info \TU/Free
Serif(0)/m/n/10 is an instance of [][]\TU/FreeMono(0)/m/it/10 nmrespy.freqfilte
r.FrequencyFilter[][]\TU/FreeSerif(0)/m/n/10 ,
 []

LaTeX Info: Redefining \rmfamily on input line 3066.
LaTeX Info: Redefining \sffamily on input line 3066.
LaTeX Info: Redefining \ttfamily on input line 3066.
[44]
Underfull \hbox (badness 10000) in paragraph at lines 3191--3195
[]\TU/FreeSerif(0)/m/n/10 Other keyword arguments that are valid in [][]\TU/Fre
eMono(0)/m/it/10 nmrespy.nlp.nlp.
 []

LaTeX Info: Redefining \rmfamily on input line 3204.
LaTeX Info: Redefining \sffamily on input line 3204.
LaTeX Info: Redefining \ttfamily on input line 3204.
[45]
Underfull \hbox (badness 10000) in paragraph at lines 3217--3221
[]\TU/FreeSerif(0)/m/n/10 If \TU/FreeSerif(0)/m/it/10 self.filter_info \TU/Free
Serif(0)/m/n/10 is an instance of [][]\TU/FreeMono(0)/m/it/10 nmrespy.freqfilte
r.FrequencyFilter[][]\TU/FreeSerif(0)/m/n/10 ,
 []

LaTeX Info: Redefining \rmfamily on input line 3338.
LaTeX Info: Redefining \sffamily on input line 3338.
LaTeX Info: Redefining \ttfamily on input line 3338.
[46]
Underfull \hbox (badness 10000) in paragraph at lines 3384--3388
[]\TU/FreeMono(0)/b/n/10 force_overwrite \TU/FreeSerif(0)/m/n/10 (\TU/FreeMono(
0)/m/it/10 bool. default: False\TU/FreeSerif(0)/m/n/10 ) – Defines behaviour if

 []


Underfull \hbox (badness 5374) in paragraph at lines 3425--3430
[]\TU/FreeMono(0)/b/n/10 separation_frequency \TU/FreeSerif(0)/m/n/10 (\TU/Free
Mono(0)/m/it/10 float, or None default: None\TU/FreeSerif(0)/m/n/10 ) – The fre
-
 []


Underfull \hbox (badness 10000) in paragraph at lines 3470--3474
[]\TU/FreeMono(0)/b/n/10 force_overwrite \TU/FreeSerif(0)/m/n/10 (\TU/FreeMono(
0)/m/it/10 bool, default: False\TU/FreeSerif(0)/m/n/10 ) – Defines behaviour if

 []

LaTeX Info: Redefining \rmfamily on input line 3474.
LaTeX Info: Redefining \sffamily on input line 3474.
LaTeX Info: Redefining \ttfamily on input line 3474.
[47]
LaTeX Info: Redefining \rmfamily on input line 3608.
LaTeX Info: Redefining \sffamily on input line 3608.
LaTeX Info: Redefining \ttfamily on input line 3608.
 [48]
LaTeX Info: Redefining \rmfamily on input line 3726.
LaTeX Info: Redefining \sffamily on input line 3726.
LaTeX Info: Redefining \ttfamily on input line 3726.
 [49]
LaTeX Info: Redefining \rmfamily on input line 3857.
LaTeX Info: Redefining \sffamily on input line 3857.
LaTeX Info: Redefining \ttfamily on input line 3857.
 [50]
Underfull \hbox (badness 10000) in paragraph at lines 3874--3876
[]\TU/FreeMono(0)/b/n/10 region \TU/FreeSerif(0)/m/n/10 (\TU/FreeMono(0)/m/it/1
0 [[int, int]], [[float, float]], [[int, int], [int,
 []


Underfull \hbox (badness 10000) in paragraph at lines 3893--3896
[]\TU/FreeMono(0)/b/n/10 offset \TU/FreeSerif(0)/m/n/10 (\TU/FreeMono(0)/m/it/1
0 [float], [float, float] or None, default: None\TU/FreeSerif(0)/m/n/10 ) – The

 []


Underfull \hbox (badness 6141) in paragraph at lines 3903--3906
[]\TU/FreeMono(0)/b/n/10 p0 \TU/FreeSerif(0)/m/n/10 (\TU/FreeMono(0)/m/it/10 [f
loat], [float, float], or None default: None\TU/FreeSerif(0)/m/n/10 ) – Zero-or
der
 []


Underfull \hbox (badness 6859) in paragraph at lines 3908--3911
[]\TU/FreeMono(0)/b/n/10 p1 \TU/FreeSerif(0)/m/n/10 (\TU/FreeMono(0)/m/it/10 [f
loat] or [float, float], default: [0.0, 0.0]\TU/FreeSerif(0)/m/n/10 ) – First-o
rder
 []

LaTeX Info: Redefining \rmfamily on input line 3954.
LaTeX Info: Redefining \sffamily on input line 3954.
LaTeX Info: Redefining \ttfamily on input line 3954.
[51]
LaTeX Info: Redefining \rmfamily on input line 4125.
LaTeX Info: Redefining \sffamily on input line 4125.
LaTeX Info: Redefining \ttfamily on input line 4125.
 [52]
LaTeX Info: Redefining \rmfamily on input line 4260.
LaTeX Info: Redefining \sffamily on input line 4260.
LaTeX Info: Redefining \ttfamily on input line 4260.
 [53]
LaTeX Info: Redefining \rmfamily on input line 4370.
LaTeX Info: Redefining \sffamily on input line 4370.
LaTeX Info: Redefining \ttfamily on input line 4370.
 [54]
Underfull \hbox (badness 10000) in paragraph at lines 4456--4461
[]\TU/FreeMono(0)/b/n/10 method \TU/FreeSerif(0)/m/n/10 ([]\TU/FreeMono(0)/m/it
/10 trust_region[] or []lbfgs[], default: []trust_region[]\TU/FreeSerif(0)/m/n/
10 ) –
 []

LaTeX Info: Redefining \rmfamily on input line 4491.
LaTeX Info: Redefining \sffamily on input line 4491.
LaTeX Info: Redefining \ttfamily on input line 4491.
[55]
LaTeX Info: Redefining \rmfamily on input line 4610.
LaTeX Info: Redefining \sffamily on input line 4610.
LaTeX Info: Redefining \ttfamily on input line 4610.
 [56]
LaTeX Info: Redefining \rmfamily on input line 4778.
LaTeX Info: Redefining \sffamily on input line 4778.
LaTeX Info: Redefining \ttfamily on input line 4778.
 [57]
LaTeX Info: Redefining \rmfamily on input line 4929.
LaTeX Info: Redefining \sffamily on input line 4929.
LaTeX Info: Redefining \ttfamily on input line 4929.
 [58]
LaTeX Info: Redefining \rmfamily on input line 5106.
LaTeX Info: Redefining \sffamily on input line 5106.
LaTeX Info: Redefining \ttfamily on input line 5106.
 [59]
LaTeX Info: Redefining \rmfamily on input line 5233.
LaTeX Info: Redefining \sffamily on input line 5233.
LaTeX Info: Redefining \ttfamily on input line 5233.
 [60]
Underfull \hbox (badness 10000) in paragraph at lines 5352--5355
[]\TU/FreeMono(0)/b/n/10 region \TU/FreeSerif(0)/m/n/10 (\TU/FreeMono(0)/m/it/1
0 [[int, int]], [[float, float]], [[int, int], [int,
 []

LaTeX Info: Redefining \rmfamily on input line 5355.
LaTeX Info: Redefining \sffamily on input line 5355.
LaTeX Info: Redefining \ttfamily on input line 5355.
[61]
Underfull \hbox (badness 10000) in paragraph at lines 5395--5400
[]\TU/FreeMono(0)/b/n/10 oscillator_colors \TU/FreeSerif(0)/m/n/10 (\TU/FreeMon
o(0)/m/it/10 {matplotlib color, matplotlib colormap
 []

LaTeX Info: Redefining \rmfamily on input line 5474.
LaTeX Info: Redefining \sffamily on input line 5474.
LaTeX Info: Redefining \ttfamily on input line 5474.
[62]
LaTeX Info: Redefining \rmfamily on input line 5630.
LaTeX Info: Redefining \sffamily on input line 5630.
LaTeX Info: Redefining \ttfamily on input line 5630.
 [63]
LaTeX Info: Redefining \rmfamily on input line 5775.
LaTeX Info: Redefining \sffamily on input line 5775.
LaTeX Info: Redefining \ttfamily on input line 5775.
 [64]
LaTeX Info: Redefining \rmfamily on input line 5905.
LaTeX Info: Redefining \sffamily on input line 5905.
LaTeX Info: Redefining \ttfamily on input line 5905.
 [65]
LaTeX Info: Redefining \rmfamily on input line 6044.
LaTeX Info: Redefining \sffamily on input line 6044.
LaTeX Info: Redefining \ttfamily on input line 6044.
 [66]
LaTeX Info: Redefining \rmfamily on input line 6167.
LaTeX Info: Redefining \sffamily on input line 6167.
LaTeX Info: Redefining \ttfamily on input line 6167.
 [67]
LaTeX Info: Redefining \rmfamily on input line 6312.
LaTeX Info: Redefining \sffamily on input line 6312.
LaTeX Info: Redefining \ttfamily on input line 6312.
 [68]
LaTeX Info: Redefining \rmfamily on input line 6447.
LaTeX Info: Redefining \sffamily on input line 6447.
LaTeX Info: Redefining \ttfamily on input line 6447.
 [69]
LaTeX Info: Redefining \rmfamily on input line 6557.
LaTeX Info: Redefining \sffamily on input line 6557.
LaTeX Info: Redefining \ttfamily on input line 6557.
 [70]
Underfull \hbox (badness 5431) in paragraph at lines 6653--6656
[]\TU/FreeMono(0)/b/n/10 integrals \TU/FreeSerif(0)/m/n/10 (\TU/FreeMono(0)/m/i
t/10 list or None\TU/FreeSerif(0)/m/n/10 ) – Peak integrals of each oscillator.
 Note that
 []

LaTeX Info: Redefining \rmfamily on input line 6685.
LaTeX Info: Redefining \sffamily on input line 6685.
LaTeX Info: Redefining \ttfamily on input line 6685.
[71]
LaTeX Info: Redefining \rmfamily on input line 6785.
LaTeX Info: Redefining \sffamily on input line 6785.
LaTeX Info: Redefining \ttfamily on input line 6785.
 [72]
LaTeX Info: Redefining \rmfamily on input line 6928.
LaTeX Info: Redefining \sffamily on input line 6928.
LaTeX Info: Redefining \ttfamily on input line 6928.
 [73]
LaTeX Info: Redefining \rmfamily on input line 7073.
LaTeX Info: Redefining \sffamily on input line 7073.
LaTeX Info: Redefining \ttfamily on input line 7073.
 [74]
LaTeX Info: Redefining \rmfamily on input line 7233.
LaTeX Info: Redefining \sffamily on input line 7233.
LaTeX Info: Redefining \ttfamily on input line 7233.
 [75]
LaTeX Info: Redefining \rmfamily on input line 7361.
LaTeX Info: Redefining \sffamily on input line 7361.
LaTeX Info: Redefining \ttfamily on input line 7361.
 [76]
Chapter 7.
File: ../media/contributors/SH.jpg Graphic file (type bmp)
<../media/contributors/SH.jpg>
File: ../media/contributors/MF.jpg Graphic file (type bmp)
<../media/contributors/MF.jpg>
File: ../media/contributors/TM.png Graphic file (type bmp)
<../media/contributors/TM.png>
[77

]
LaTeX Info: Redefining \rmfamily on input line 7373.
LaTeX Info: Redefining \sffamily on input line 7373.
LaTeX Info: Redefining \ttfamily on input line 7373.
 [78

] [79


]
No file nmr-espy.ind.
The property list \polyglossia@langsetup contains the pairs (without outer
braces):
>  {latex/script}  =>  {latin}
>  {latex/lcscript}  =>  {latin}
>  {latex/scripttag}  =>  {}
>  {latex/language}  =>  {Latex}
>  {latex/langtag}  =>  {ENG}
>  {latex/bcp47}  =>  {}
>  {latex/hyphennames}  =>  {english}
>  {latex/direction}  =>  {LR}
>  {latex/hyphenmins}  =>  {2,3}
>  {latex/frenchspacing}  =>  {false}
>  {latex/indentfirst}  =>  {false}
>  {latex/fontsetup}  =>  {true}
>  {latex/envname}  =>  {latex}
>  {latex/babelname}  =>  {latex}
>  {latex/localnumeral}  =>  {polyglossia@C@localnumeral}
>  {latex/Localnumeral}  =>  {polyglossia@C@localnumeral}.
Package atveryend Info: Empty hook `BeforeClearDocument' on input line 7392.
Package atveryend Info: Empty hook `AfterLastShipout' on input line 7392.
(./nmr-espy.aux
LaTeX Info: Redefining \rmfamily on input line 19.
LaTeX Info: Redefining \sffamily on input line 19.
LaTeX Info: Redefining \ttfamily on input line 19.
)
Package atveryend Info: Empty hook `AtVeryEndDocument' on input line 7392.
Package atveryend Info: Executing hook `AtEndAfterFileList' on input line 7392.

Package rerunfilecheck Info: File `nmr-espy.out' has not changed.
(rerunfilecheck)             Checksum: D2F7659718A7BCEA6EA51EEC6C26E7EE;10982.


LaTeX Warning: There were undefined references.

 ) 
Here is how much of TeX's memory you used:
 17066 strings out of 479819
 320796 string characters out of 5895846
 709472 words of memory out of 5000000
 33771 multiletter control sequences out of 15000+600000
 545306 words of font info for 124 fonts, out of 8000000 for 9000
 1349 hyphenation exceptions out of 8191
 50i,20n,79p,2216b,765s stack positions out of 5000i,500n,10000p,200000b,80000s

Output written on nmr-espy.pdf (83 pages).
