\BOOKMARK [0][-]{chapter.1}{\376\377\000I\000n\000s\000t\000a\000l\000l\000a\000t\000i\000o\000n}{}% 1
\BOOKMARK [1][-]{section.1.1}{\376\377\000P\000y\000t\000h\000o\000n\000\040\000P\000a\000c\000k\000a\000g\000e\000s}{chapter.1}% 2
\BOOKMARK [1][-]{section.1.2}{\376\377\000L\000a\000T\000e\000X}{chapter.1}% 3
\BOOKMARK [0][-]{chapter.2}{\376\377\000T\000h\000e\000o\000r\000y\000\040\000O\000v\000e\000r\000v\000i\000e\000w}{}% 4
\BOOKMARK [0][-]{chapter.3}{\376\377\000E\000x\000a\000m\000p\000l\000e\000\040\000W\000a\000l\000k\000t\000h\000r\000o\000u\000g\000h}{}% 5
\BOOKMARK [1][-]{section.3.1}{\376\377\000G\000e\000n\000e\000r\000a\000t\000i\000n\000g\000\040\000a\000n\000\040\000E\000s\000t\000i\000m\000a\000t\000o\000r\000\040\000i\000n\000s\000t\000a\000n\000c\000e}{chapter.3}% 6
\BOOKMARK [1][-]{section.3.2}{\376\377\000F\000r\000e\000q\000u\000e\000n\000c\000y\000\040\000F\000i\000l\000t\000r\000a\000t\000i\000o\000n}{chapter.3}% 7
\BOOKMARK [1][-]{section.3.3}{\376\377\000E\000s\000t\000i\000m\000a\000t\000i\000n\000g\000\040\000t\000h\000e\000\040\000S\000i\000g\000n\000a\000l\000\040\000P\000a\000r\000a\000m\000e\000t\000e\000r\000s}{chapter.3}% 8
\BOOKMARK [2][-]{subsection.3.3.1}{\376\377\000M\000a\000t\000r\000i\000x\000\040\000P\000e\000n\000c\000i\000l\000\040\000M\000e\000t\000h\000o\000d}{section.3.3}% 9
\BOOKMARK [2][-]{subsection.3.3.2}{\376\377\000N\000o\000n\000l\000i\000n\000e\000a\000r\000\040\000P\000r\000o\000g\000r\000a\000m\000m\000i\000n\000g}{section.3.3}% 10
\BOOKMARK [1][-]{section.3.4}{\376\377\000S\000a\000v\000i\000n\000g\000\040\000R\000e\000s\000u\000l\000t\000s}{chapter.3}% 11
\BOOKMARK [2][-]{subsection.3.4.1}{\376\377\000W\000r\000i\000t\000i\000n\000g\000\040\000R\000e\000s\000u\000l\000t\000s\000\040\000t\000o\000\040\000a\000\040\000T\000e\000x\000t\000\040\000F\000i\000l\000e\000/\000P\000D\000F\000/\000C\000S\000V}{section.3.4}% 12
\BOOKMARK [2][-]{subsection.3.4.2}{\376\377\000G\000e\000n\000e\000r\000a\000t\000i\000n\000g\000\040\000R\000e\000s\000u\000l\000t\000\040\000F\000i\000g\000u\000r\000e\000s}{section.3.4}% 13
\BOOKMARK [2][-]{subsection.3.4.3}{\376\377\000P\000i\000c\000k\000l\000i\000n\000g\000\040\000E\000s\000t\000i\000m\000a\000t\000o\000r\000\040\000I\000n\000s\000t\000a\000n\000c\000e\000s}{section.3.4}% 14
\BOOKMARK [2][-]{subsection.3.4.4}{\376\377\000S\000a\000v\000i\000n\000g\000\040\000a\000\040\000L\000o\000g\000f\000i\000l\000e}{section.3.4}% 15
\BOOKMARK [1][-]{section.3.5}{\376\377\000S\000u\000m\000m\000a\000r\000y}{chapter.3}% 16
\BOOKMARK [0][-]{chapter.4}{\376\377\000T\000h\000e\000\040\000N\000M\000R\000-\000E\000s\000P\000y\000\040\000G\000U\000I}{}% 17
\BOOKMARK [1][-]{section.4.1}{\376\377\000I\000n\000t\000e\000g\000r\000a\000t\000i\000n\000g\000\040\000t\000h\000e\000\040\000G\000U\000I\000\040\000i\000n\000t\000o\000\040\000T\000o\000p\000S\000p\000i\000n}{chapter.4}% 18
\BOOKMARK [2][-]{subsection.4.1.1}{\376\377\000A\000u\000t\000o\000m\000a\000t\000i\000c\000\040\000i\000n\000s\000t\000a\000l\000l\000a\000t\000i\000o\000n}{section.4.1}% 19
\BOOKMARK [2][-]{subsection.4.1.2}{\376\377\000M\000a\000n\000u\000a\000l\000\040\000I\000n\000s\000t\000a\000l\000l\000a\000t\000i\000o\000n}{section.4.1}% 20
\BOOKMARK [3][-]{subsubsection*.3}{\376\377\000C\000o\000p\000y\000i\000n\000g\000\040\000t\000h\000e\000\040\000l\000o\000a\000d\000e\000r\000\040\000s\000c\000r\000i\000p\000t}{subsection.4.1.2}% 21
\BOOKMARK [3][-]{subsubsection*.4}{\376\377\000E\000d\000i\000t\000i\000n\000g\000\040\000t\000h\000e\000\040\000l\000o\000a\000d\000e\000r\000\040\000s\000c\000r\000i\000p\000t}{subsection.4.1.2}% 22
\BOOKMARK [1][-]{section.4.2}{\376\377\000U\000s\000i\000n\000g\000\040\000T\000h\000e\000\040\000G\000U\000I}{chapter.4}% 23
\BOOKMARK [2][-]{subsection.4.2.1}{\376\377\000L\000o\000a\000d\000i\000n\000g\000\040\000t\000h\000e\000\040\000G\000U\000I}{section.4.2}% 24
\BOOKMARK [3][-]{subsubsection*.5}{\376\377\000F\000r\000o\000m\000\040\000a\000\040\000t\000e\000r\000m\000i\000n\000a\000l}{subsection.4.2.1}% 25
\BOOKMARK [3][-]{subsubsection*.6}{\376\377\000F\000r\000o\000m\000\040\000T\000o\000p\000S\000p\000i\000n}{subsection.4.2.1}% 26
\BOOKMARK [2][-]{subsection.4.2.2}{\376\377\000E\000s\000t\000i\000m\000a\000t\000i\000o\000n\000\040\000S\000e\000t\000-\000u\000p}{section.4.2}% 27
\BOOKMARK [3][-]{subsubsection*.7}{\376\377\000P\000l\000o\000t\000\040\000N\000a\000v\000i\000g\000a\000t\000i\000o\000n}{subsection.4.2.2}% 28
\BOOKMARK [3][-]{subsubsection*.8}{\376\377\000P\000h\000a\000s\000e\000\040\000C\000o\000r\000r\000e\000c\000t\000i\000o\000n}{subsection.4.2.2}% 29
\BOOKMARK [3][-]{subsubsection*.9}{\376\377\000R\000e\000g\000i\000o\000n\000\040\000S\000e\000l\000e\000c\000t\000i\000o\000n}{subsection.4.2.2}% 30
\BOOKMARK [3][-]{subsubsection*.10}{\376\377\000A\000d\000v\000a\000n\000c\000e\000d\000\040\000E\000s\000t\000i\000m\000a\000t\000i\000o\000n\000\040\000S\000e\000t\000t\000i\000n\000g\000s}{subsection.4.2.2}% 31
\BOOKMARK [4][-]{paragraph*.11}{\376\377\000S\000i\000g\000n\000a\000l\000\040\000F\000i\000l\000t\000e\000r\000\040\000O\000p\000t\000i\000o\000n\000s}{subsubsection*.10}% 32
\BOOKMARK [4][-]{paragraph*.12}{\376\377\000M\000a\000t\000r\000i\000x\000\040\000P\000e\000n\000c\000i\000l\000\040\000M\000e\000t\000h\000o\000d\000\040\000O\000p\000t\000i\000o\000n\000s}{subsubsection*.10}% 33
\BOOKMARK [4][-]{paragraph*.13}{\376\377\000N\000o\000n\000l\000i\000n\000e\000a\000r\000\040\000P\000r\000o\000g\000r\000a\000m\000m\000i\000n\000g\000\040\000O\000p\000t\000i\000o\000n\000s}{subsubsection*.10}% 34
\BOOKMARK [2][-]{subsection.4.2.3}{\376\377\000E\000s\000t\000i\000m\000a\000t\000i\000o\000n\000\040\000R\000e\000s\000u\000l\000t}{section.4.2}% 35
\BOOKMARK [3][-]{subsubsection*.14}{\376\377\000T\000w\000e\000a\000k\000i\000n\000g\000\040\000a\000n\000d\000\040\000R\000e\000-\000o\000p\000t\000i\000m\000i\000s\000i\000n\000g\000\040\000t\000h\000e\000\040\000r\000e\000s\000u\000l\000t}{subsection.4.2.3}% 36
\BOOKMARK [4][-]{paragraph*.15}{\376\377\000T\000h\000e\000\040\000A\000d\000d\000\040\000B\000u\000t\000t\000o\000n}{subsubsection*.14}% 37
\BOOKMARK [4][-]{paragraph*.16}{\376\377\000T\000h\000e\000\040\000R\000e\000m\000o\000v\000e\000\040\000B\000u\000t\000t\000o\000n}{subsubsection*.14}% 38
\BOOKMARK [4][-]{paragraph*.17}{\376\377\000T\000h\000e\000\040\000M\000e\000r\000g\000e\000\040\000B\000u\000t\000t\000o\000n}{subsubsection*.14}% 39
\BOOKMARK [4][-]{paragraph*.18}{\376\377\000T\000h\000e\000\040\000S\000p\000l\000i\000t\000\040\000B\000u\000t\000t\000o\000n}{subsubsection*.14}% 40
\BOOKMARK [4][-]{paragraph*.19}{\376\377\000R\000e\000-\000r\000u\000n\000n\000i\000n\000g\000\040\000t\000h\000e\000\040\000O\000p\000t\000i\000m\000i\000s\000e\000r}{subsubsection*.14}% 41
\BOOKMARK [4][-]{paragraph*.20}{\376\377\000U\000n\000d\000o\000i\000n\000g\000\040\000c\000h\000a\000n\000g\000e\000s}{subsubsection*.14}% 42
\BOOKMARK [3][-]{subsubsection*.21}{\376\377\000S\000a\000v\000i\000n\000g\000\040\000t\000h\000e\000\040\000r\000e\000s\000u\000l\000t}{subsection.4.2.3}% 43
\BOOKMARK [4][-]{paragraph*.22}{\376\377\000R\000e\000s\000u\000l\000t\000\040\000F\000i\000g\000u\000r\000e}{subsubsection*.21}% 44
\BOOKMARK [4][-]{paragraph*.23}{\376\377\000R\000e\000s\000u\000l\000t\000\040\000F\000i\000l\000e\000s}{subsubsection*.21}% 45
\BOOKMARK [4][-]{paragraph*.24}{\376\377\000E\000s\000t\000i\000m\000a\000t\000o\000r}{subsubsection*.21}% 46
\BOOKMARK [4][-]{paragraph*.25}{\376\377\000D\000i\000r\000e\000c\000t\000o\000r\000y}{subsubsection*.21}% 47
\BOOKMARK [0][-]{chapter.5}{\376\377\000M\000i\000s\000c\000e\000l\000l\000a\000n\000e\000o\000u\000s\000\040\000T\000o\000p\000i\000c\000s}{}% 48
\BOOKMARK [1][-]{section.5.1}{\376\377\000F\000i\000g\000u\000r\000e\000\040\000C\000u\000s\000t\000o\000m\000i\000s\000a\000t\000i\000o\000n}{chapter.5}% 49
\BOOKMARK [2][-]{subsection.5.1.1}{\376\377\000G\000e\000t\000t\000i\000n\000g\000\040\000S\000t\000a\000r\000t\000e\000d}{section.5.1}% 50
\BOOKMARK [2][-]{subsection.5.1.2}{\376\377\000L\000o\000a\000d\000\040\000t\000h\000e\000\040\000E\000s\000t\000i\000m\000a\000t\000o\000r}{section.5.1}% 51
\BOOKMARK [2][-]{subsection.5.1.3}{\376\377\000G\000e\000n\000e\000r\000a\000t\000e\000\040\000t\000h\000e\000\040\000E\000s\000t\000i\000m\000a\000t\000i\000o\000n\000\040\000F\000i\000g\000u\000r\000e}{section.5.1}% 52
\BOOKMARK [2][-]{subsection.5.1.4}{\376\377\000F\000u\000r\000t\000h\000e\000r\000\040\000C\000u\000s\000t\000o\000m\000i\000s\000a\000t\000i\000o\000n}{section.5.1}% 53
\BOOKMARK [3][-]{subsubsection*.26}{\376\377\000G\000e\000n\000e\000r\000a\000l\000\040\000G\000u\000i\000d\000a\000n\000c\000e}{subsection.5.1.4}% 54
\BOOKMARK [3][-]{subsubsection*.27}{\376\377\000S\000p\000e\000c\000i\000f\000i\000c\000\040\000T\000h\000i\000n\000g\000s}{subsection.5.1.4}% 55
\BOOKMARK [2][-]{subsection.5.1.5}{\376\377\000S\000a\000v\000e\000\040\000t\000h\000e\000\040\000F\000i\000g\000u\000r\000e}{section.5.1}% 56
\BOOKMARK [0][-]{chapter.6}{\376\377\000R\000e\000f\000e\000r\000e\000n\000c\000e}{}% 57
\BOOKMARK [1][-]{section.6.1}{\376\377\000n\000m\000r\000e\000s\000p\000y\000.\000c\000o\000r\000e}{chapter.6}% 58
\BOOKMARK [1][-]{section.6.2}{\376\377\000n\000m\000r\000e\000s\000p\000y\000.\000l\000o\000a\000d}{chapter.6}% 59
\BOOKMARK [1][-]{section.6.3}{\376\377\000n\000m\000r\000e\000s\000p\000y\000.\000f\000r\000e\000q\000f\000i\000l\000t\000e\000r}{chapter.6}% 60
\BOOKMARK [1][-]{section.6.4}{\376\377\000n\000m\000r\000e\000s\000p\000y\000.\000m\000p\000m}{chapter.6}% 61
\BOOKMARK [1][-]{section.6.5}{\376\377\000n\000m\000r\000e\000s\000p\000y\000.\000n\000l\000p}{chapter.6}% 62
\BOOKMARK [2][-]{subsection.6.5.1}{\376\377\000n\000m\000r\000e\000s\000p\000y\000.\000n\000l\000p\000.\000n\000l\000p}{section.6.5}% 63
\BOOKMARK [2][-]{subsection.6.5.2}{\376\377\000n\000m\000r\000e\000s\000p\000y\000.\000n\000l\000p\000.\000\137\000f\000u\000n\000c\000s}{section.6.5}% 64
\BOOKMARK [1][-]{section.6.6}{\376\377\000n\000m\000r\000e\000s\000p\000y\000.\000p\000l\000o\000t}{chapter.6}% 65
\BOOKMARK [1][-]{section.6.7}{\376\377\000n\000m\000r\000e\000s\000p\000y\000.\000s\000i\000g}{chapter.6}% 66
\BOOKMARK [1][-]{section.6.8}{\376\377\000n\000m\000r\000e\000s\000p\000y\000.\000w\000r\000i\000t\000e}{chapter.6}% 67
\BOOKMARK [1][-]{section.6.9}{\376\377\000n\000m\000r\000e\000s\000p\000y\000.\000\137\000c\000o\000l\000s}{chapter.6}% 68
\BOOKMARK [1][-]{section.6.10}{\376\377\000n\000m\000r\000e\000s\000p\000y\000.\000\137\000e\000r\000r\000o\000r\000s}{chapter.6}% 69
\BOOKMARK [1][-]{section.6.11}{\376\377\000n\000m\000r\000e\000s\000p\000y\000.\000\137\000m\000i\000s\000c}{chapter.6}% 70
\BOOKMARK [0][-]{chapter.7}{\376\377\000C\000o\000n\000t\000r\000i\000b\000u\000t\000o\000r\000s}{}% 71
\BOOKMARK [0][-]{section*.159}{\376\377\000P\000y\000t\000h\000o\000n\000\040\000M\000o\000d\000u\000l\000e\000\040\000I\000n\000d\000e\000x}{}% 72
