This is XeTeX, Version 3.141592653-2.6-0.999994 (TeX Live 2022) (preloaded format=xelatex 2022.8.1)  6 JAN 2023 13:51
entering extended mode
 restricted \write18 enabled.
 %&-line parsing enabled.
**_build/latex/nmr-espy.tex
(./_build/latex/nmr-espy.tex
LaTeX2e <2022-06-01> patch level 5
L3 programming layer <2022-07-15>

! LaTeX Error: File `sphinxmanual.cls' not found.

Type X to quit or <RETURN> to proceed,
or enter new name. (Default extension: cls)

Enter file name: x

! Emergency stop.
<read *> 
         
l.4 \ifdefined
              \pdfpxdimen
*** (cannot \read from terminal in nonstop modes)

 
Here is how much of TeX's memory you used:
 24 strings out of 475865
 466 string characters out of 5798529
 307692 words of memory out of 5000000
 21189 multiletter control sequences out of 15000+600000
 469259 words of font info for 28 fonts, out of 8000000 for 9000
 1348 hyphenation exceptions out of 8191
 19i,0n,29p,82b,17s stack positions out of 10000i,1000n,20000p,200000b,200000s
No pages of output.
